[
  {
    "line": 2,
    "elements": [
      {
        "line": 4,
        "name": "",
        "description": "",
        "type": "background",
        "keyword": "Background"
      },
      {
        "before": [
          {
            "result": {
              "duration": 14699556800,
              "status": "passed"
            },
            "match": {
              "location": "Hooks.steUp()"
            }
          }
        ],
        "line": 6,
        "name": "Bank Manager Should Add Customer Successfully.",
        "description": "",
        "id": "user-is-on-home-page--http://www.way2automation.com/angularjs-protractor/banking/#/login;bank-manager-should-add-customer-successfully.",
        "after": [
          {
            "result": {
              "duration": 4284485500,
              "status": "passed"
            },
            "match": {
              "location": "Hooks.tearDown(Scenario)"
            }
          }
        ],
        "type": "scenario",
        "keyword": "Scenario",
        "steps": [
          {
            "result": {
              "duration": 711199600,
              "status": "passed"
            },
            "line": 7,
            "name": "click On Bank Manager Login Tab",
            "match": {
              "location": "BankTestSteps.clickOnBankManagerLoginTab()"
            },
            "keyword": "Given "
          },
          {
            "result": {
              "duration": 993367200,
              "status": "passed"
            },
            "line": 8,
            "name": "click On Add Customer Tab",
            "match": {
              "location": "BankTestSteps.clickOnAddCustomerTab()"
            },
            "keyword": "When "
          },
          {
            "result": {
              "duration": 729294300,
              "status": "passed"
            },
            "line": 9,
            "name": "enter FirstName",
            "match": {
              "location": "BankTestSteps.enterFirstName()"
            },
            "keyword": "And "
          },
          {
            "result": {
              "duration": 284007300,
              "status": "passed"
            },
            "line": 10,
            "name": "enter LastName",
            "match": {
              "location": "BankTestSteps.enterLastName()"
            },
            "keyword": "And "
          },
          {
            "result": {
              "duration": 243166300,
              "status": "passed"
            },
            "line": 11,
            "name": "enter PostCode",
            "match": {
              "location": "BankTestSteps.enterPostCode()"
            },
            "keyword": "And "
          },
          {
            "result": {
              "duration": 865200,
              "error_message": "cucumber.runtime.CucumberException: Arity mismatch: Step Definition \u0027com.bank.cucumber.steps.BankTestSteps.clickOnButton() in file:/C:/Users/gp_14/IdeaProjects/xyz-bank-cucumber/target/test-classes/\u0027 with pattern [^click On \"([^\"]*)\" Button$] is declared with 0 parameters. However, the gherkin step has 1 arguments [Add Customer]. \nStep: And click On \"Add Customer\" Button\r\n\tat cucumber.runtime.StepDefinitionMatch.arityMismatch(StepDefinitionMatch.java:102)\r\n\tat cucumber.runtime.StepDefinitionMatch.transformedArgs(StepDefinitionMatch.java:60)\r\n\tat cucumber.runtime.StepDefinitionMatch.runStep(StepDefinitionMatch.java:37)\r\n\tat cucumber.runtime.Runtime.runStep(Runtime.java:300)\r\n\tat cucumber.runtime.model.StepContainer.runStep(StepContainer.java:44)\r\n\tat cucumber.runtime.model.StepContainer.runSteps(StepContainer.java:39)\r\n\tat cucumber.runtime.model.CucumberScenario.run(CucumberScenario.java:44)\r\n\tat cucumber.runtime.junit.ExecutionUnitRunner.run(ExecutionUnitRunner.java:102)\r\n\tat cucumber.runtime.junit.FeatureRunner.runChild(FeatureRunner.java:63)\r\n\tat cucumber.runtime.junit.FeatureRunner.runChild(FeatureRunner.java:18)\r\n\tat org.junit.runners.ParentRunner$3.run(ParentRunner.java:238)\r\n\tat org.junit.runners.ParentRunner$1.schedule(ParentRunner.java:63)\r\n\tat org.junit.runners.ParentRunner.runChildren(ParentRunner.java:236)\r\n\tat org.junit.runners.ParentRunner.access$000(ParentRunner.java:53)\r\n\tat org.junit.runners.ParentRunner$2.evaluate(ParentRunner.java:229)\r\n\tat org.junit.runners.ParentRunner.run(ParentRunner.java:309)\r\n\tat cucumber.runtime.junit.FeatureRunner.run(FeatureRunner.java:70)\r\n\tat cucumber.api.junit.Cucumber.runChild(Cucumber.java:95)\r\n\tat cucumber.api.junit.Cucumber.runChild(Cucumber.java:38)\r\n\tat org.junit.runners.ParentRunner$3.run(ParentRunner.java:238)\r\n\tat org.junit.runners.ParentRunner$1.schedule(ParentRunner.java:63)\r\n\tat org.junit.runners.ParentRunner.runChildren(ParentRunner.java:236)\r\n\tat org.junit.runners.ParentRunner.access$000(ParentRunner.java:53)\r\n\tat org.junit.runners.ParentRunner$2.evaluate(ParentRunner.java:229)\r\n\tat org.junit.runners.ParentRunner.run(ParentRunner.java:309)\r\n\tat cucumber.api.junit.Cucumber.run(Cucumber.java:100)\r\n\tat org.junit.runner.JUnitCore.run(JUnitCore.java:160)\r\n\tat com.intellij.junit4.JUnit4IdeaTestRunner.startRunnerWithArgs(JUnit4IdeaTestRunner.java:69)\r\n\tat com.intellij.rt.junit.IdeaTestRunner$Repeater$1.execute(IdeaTestRunner.java:38)\r\n\tat com.intellij.rt.execution.junit.TestsRepeater.repeat(TestsRepeater.java:11)\r\n\tat com.intellij.rt.junit.IdeaTestRunner$Repeater.startRunnerWithArgs(IdeaTestRunner.java:35)\r\n\tat com.intellij.rt.junit.JUnitStarter.prepareStreamsAndStart(JUnitStarter.java:235)\r\n\tat com.intellij.rt.junit.JUnitStarter.main(JUnitStarter.java:54)\r\n",
              "status": "failed"
            },
            "line": 12,
            "name": "click On \"Add Customer\" Button",
            "match": {
              "arguments": [
                {
                  "val": "Add Customer",
                  "offset": 10
                }
              ],
              "location": "BankTestSteps.clickOnButton()"
            },
            "keyword": "And "
          },
          {
            "result": {
              "status": "skipped"
            },
            "line": 13,
            "name": "popup display",
            "match": {
              "location": "BankTestSteps.popupDisplay()"
            },
            "keyword": "And "
          },
          {
            "result": {
              "status": "skipped"
            },
            "line": 14,
            "name": "verify message \"Customer added successfully\"",
            "match": {
              "arguments": [
                {
                  "val": "Customer added successfully",
                  "offset": 16
                }
              ],
              "location": "BankTestSteps.verifyMessage(String)"
            },
            "keyword": "Then "
          },
          {
            "result": {
              "status": "skipped"
            },
            "line": 15,
            "name": "click on \"ok\" button on popup.",
            "match": {
              "arguments": [
                {
                  "val": "ok",
                  "offset": 10
                }
              ],
              "location": "BankTestSteps.clickOnButtonOnPopup(String)"
            },
            "keyword": "Then "
          }
        ]
      },
      {
        "line": 4,
        "name": "",
        "description": "",
        "type": "background",
        "keyword": "Background"
      },
      {
        "before": [
          {
            "result": {
              "duration": 8248891400,
              "status": "passed"
            },
            "match": {
              "location": "Hooks.steUp()"
            }
          }
        ],
        "line": 17,
        "name": "Bank Manager Should Open Account Successfully.",
        "description": "",
        "id": "user-is-on-home-page--http://www.way2automation.com/angularjs-protractor/banking/#/login;bank-manager-should-open-account-successfully.",
        "after": [
          {
            "result": {
              "duration": 3348388400,
              "status": "passed"
            },
            "match": {
              "location": "Hooks.tearDown(Scenario)"
            }
          }
        ],
        "type": "scenario",
        "keyword": "Scenario",
        "steps": [
          {
            "result": {
              "duration": 335400,
              "error_message": "cucumber.runtime.CucumberException: Arity mismatch: Step Definition \u0027com.bank.cucumber.steps.BankTestSteps.clickOnTab() in file:/C:/Users/gp_14/IdeaProjects/xyz-bank-cucumber/target/test-classes/\u0027 with pattern [^click On \"([^\"]*)\" Tab$] is declared with 0 parameters. However, the gherkin step has 1 arguments [Bank Manager Login]. \nStep: Given click On \"Bank Manager Login\" Tab\r\n\tat cucumber.runtime.StepDefinitionMatch.arityMismatch(StepDefinitionMatch.java:102)\r\n\tat cucumber.runtime.StepDefinitionMatch.transformedArgs(StepDefinitionMatch.java:60)\r\n\tat cucumber.runtime.StepDefinitionMatch.runStep(StepDefinitionMatch.java:37)\r\n\tat cucumber.runtime.Runtime.runStep(Runtime.java:300)\r\n\tat cucumber.runtime.model.StepContainer.runStep(StepContainer.java:44)\r\n\tat cucumber.runtime.model.StepContainer.runSteps(StepContainer.java:39)\r\n\tat cucumber.runtime.model.CucumberScenario.run(CucumberScenario.java:44)\r\n\tat cucumber.runtime.junit.ExecutionUnitRunner.run(ExecutionUnitRunner.java:102)\r\n\tat cucumber.runtime.junit.FeatureRunner.runChild(FeatureRunner.java:63)\r\n\tat cucumber.runtime.junit.FeatureRunner.runChild(FeatureRunner.java:18)\r\n\tat org.junit.runners.ParentRunner$3.run(ParentRunner.java:238)\r\n\tat org.junit.runners.ParentRunner$1.schedule(ParentRunner.java:63)\r\n\tat org.junit.runners.ParentRunner.runChildren(ParentRunner.java:236)\r\n\tat org.junit.runners.ParentRunner.access$000(ParentRunner.java:53)\r\n\tat org.junit.runners.ParentRunner$2.evaluate(ParentRunner.java:229)\r\n\tat org.junit.runners.ParentRunner.run(ParentRunner.java:309)\r\n\tat cucumber.runtime.junit.FeatureRunner.run(FeatureRunner.java:70)\r\n\tat cucumber.api.junit.Cucumber.runChild(Cucumber.java:95)\r\n\tat cucumber.api.junit.Cucumber.runChild(Cucumber.java:38)\r\n\tat org.junit.runners.ParentRunner$3.run(ParentRunner.java:238)\r\n\tat org.junit.runners.ParentRunner$1.schedule(ParentRunner.java:63)\r\n\tat org.junit.runners.ParentRunner.runChildren(ParentRunner.java:236)\r\n\tat org.junit.runners.ParentRunner.access$000(ParentRunner.java:53)\r\n\tat org.junit.runners.ParentRunner$2.evaluate(ParentRunner.java:229)\r\n\tat org.junit.runners.ParentRunner.run(ParentRunner.java:309)\r\n\tat cucumber.api.junit.Cucumber.run(Cucumber.java:100)\r\n\tat org.junit.runner.JUnitCore.run(JUnitCore.java:160)\r\n\tat com.intellij.junit4.JUnit4IdeaTestRunner.startRunnerWithArgs(JUnit4IdeaTestRunner.java:69)\r\n\tat com.intellij.rt.junit.IdeaTestRunner$Repeater$1.execute(IdeaTestRunner.java:38)\r\n\tat com.intellij.rt.execution.junit.TestsRepeater.repeat(TestsRepeater.java:11)\r\n\tat com.intellij.rt.junit.IdeaTestRunner$Repeater.startRunnerWithArgs(IdeaTestRunner.java:35)\r\n\tat com.intellij.rt.junit.JUnitStarter.prepareStreamsAndStart(JUnitStarter.java:235)\r\n\tat com.intellij.rt.junit.JUnitStarter.main(JUnitStarter.java:54)\r\n",
              "status": "failed"
            },
            "line": 18,
            "name": "click On \"Bank Manager Login\" Tab",
            "match": {
              "arguments": [
                {
                  "val": "Bank Manager Login",
                  "offset": 10
                }
              ],
              "location": "BankTestSteps.clickOnTab()"
            },
            "keyword": "Given "
          },
          {
            "result": {
              "status": "skipped"
            },
            "line": 19,
            "name": "Click On \"Open Account\" Tab",
            "match": {
              "arguments": [
                {
                  "val": "Open Account",
                  "offset": 10
                }
              ],
              "location": "BankTestSteps.clickOnTab(String)"
            },
            "keyword": "And "
          },
          {
            "result": {
              "status": "skipped"
            },
            "line": 20,
            "name": "Search customer that created in first test",
            "match": {
              "location": "BankTestSteps.searchCustomerThatCreatedInFirstTest()"
            },
            "keyword": "And "
          },
          {
            "result": {
              "status": "skipped"
            },
            "line": 21,
            "name": "Select currency \"Pound\"",
            "match": {
              "arguments": [
                {
                  "val": "Pound",
                  "offset": 17
                }
              ],
              "location": "BankTestSteps.selectCurrency(String)"
            },
            "keyword": "And "
          },
          {
            "result": {
              "status": "skipped"
            },
            "line": 22,
            "name": "Click on \"process\" button",
            "match": {
              "arguments": [
                {
                  "val": "process",
                  "offset": 10
                }
              ],
              "location": "BankTestSteps.clickOnButton(String)"
            },
            "keyword": "And "
          },
          {
            "result": {
              "status": "skipped"
            },
            "line": 23,
            "name": "popup displayed",
            "match": {
              "location": "BankTestSteps.popupDisplayed()"
            },
            "keyword": "And "
          },
          {
            "result": {
              "status": "skipped"
            },
            "line": 24,
            "name": "verify message Account created successfully",
            "match": {
              "location": "BankTestSteps.verifyMessageAccountCreatedSuccessfully()"
            },
            "keyword": "Then "
          },
          {
            "result": {
              "status": "skipped"
            },
            "line": 25,
            "name": "Click on ok button on popup.",
            "match": {
              "location": "BankTestSteps.clickOnOkButtonOnPopup()"
            },
            "keyword": "Then "
          }
        ]
      },
      {
        "line": 4,
        "name": "",
        "description": "",
        "type": "background",
        "keyword": "Background"
      },
      {
        "before": [
          {
            "result": {
              "duration": 8139345200,
              "status": "passed"
            },
            "match": {
              "location": "Hooks.steUp()"
            }
          }
        ],
        "line": 27,
        "name": "customerShouldLoginAndLogoutSuceessfully.",
        "description": "",
        "id": "user-is-on-home-page--http://www.way2automation.com/angularjs-protractor/banking/#/login;customershouldloginandlogoutsuceessfully.",
        "after": [
          {
            "result": {
              "duration": 1247219300,
              "status": "passed"
            },
            "match": {
              "location": "Hooks.tearDown(Scenario)"
            }
          }
        ],
        "type": "scenario",
        "keyword": "Scenario",
        "steps": [
          {
            "result": {
              "status": "undefined"
            },
            "line": 28,
            "name": "click on \"Customer Login\" Tab",
            "match": {},
            "keyword": "Given "
          },
          {
            "result": {
              "status": "skipped"
            },
            "line": 29,
            "name": "search customer that you created.",
            "match": {
              "location": "BankTestSteps.searchCustomerThatYouCreated()"
            },
            "keyword": "And "
          },
          {
            "result": {
              "status": "undefined"
            },
            "line": 30,
            "name": "click on \"Login\" Button",
            "match": {},
            "keyword": "And "
          },
          {
            "result": {
              "status": "skipped"
            },
            "line": 31,
            "name": "verify \"Logout\" Tab displayed.",
            "match": {
              "arguments": [
                {
                  "val": "Logout",
                  "offset": 8
                }
              ],
              "location": "BankTestSteps.verifyTabDisplayed(String)"
            },
            "keyword": "And "
          },
          {
            "result": {
              "status": "skipped"
            },
            "line": 32,
            "name": "click on \"Logout\"",
            "match": {
              "arguments": [
                {
                  "val": "Logout",
                  "offset": 10
                }
              ],
              "location": "BankTestSteps.clickOn(String)"
            },
            "keyword": "And "
          },
          {
            "result": {
              "status": "skipped"
            },
            "line": 33,
            "name": "verify \"Your Name\" text displayed.",
            "match": {
              "arguments": [
                {
                  "val": "Your Name",
                  "offset": 8
                }
              ],
              "location": "BankTestSteps.verifyTextDisplayed(String)"
            },
            "keyword": "Then "
          }
        ]
      }
    ],
    "name": "User is on Home Page  http://www.way2automation.com/angularjs-protractor/banking/#/login",
    "description": "",
    "id": "user-is-on-home-page--http://www.way2automation.com/angularjs-protractor/banking/#/login",
    "keyword": "Feature",
    "uri": "BankTest.feature",
    "tags": [
      {
        "line": 1,
        "name": "@smoke"
      }
    ]
  }
]